<?xml version="1.0" encoding="UTF-8"?>
<robot generator="Robot 6.1.1 (Python 3.10.12 on linux)" generated="20241117 14:54:02.162" rpa="false" schemaversion="4">
<suite id="s1" name="Register" source="/home/edevnico/Documents/KOULU/Ohtu/palautusrepositorio/viikko3/web-login/src/tests/register.robot">
<kw name="Open And Configure Browser" library="resource" type="SETUP">
<if>
<branch type="IF" condition="$BROWSER == 'chrome'">
<kw name="Evaluate" library="BuiltIn">
<var>${options}</var>
<arg>sys.modules['selenium.webdriver'].ChromeOptions()</arg>
<arg>sys</arg>
<doc>Evaluates the given expression in Python and returns the result.</doc>
<msg timestamp="20241117 14:54:02.371" level="INFO">${options} = &lt;selenium.webdriver.chrome.options.Options object at 0x7583aa238c70&gt;</msg>
<status status="PASS" starttime="20241117 14:54:02.371" endtime="20241117 14:54:02.371"/>
</kw>
<status status="PASS" starttime="20241117 14:54:02.359" endtime="20241117 14:54:02.371"/>
</branch>
<branch type="ELSE IF" condition="$BROWSER == 'firefox'">
<kw name="Evaluate" library="BuiltIn">
<var>${options}</var>
<arg>sys.modules['selenium.webdriver'].FirefoxOptions()</arg>
<arg>sys</arg>
<doc>Evaluates the given expression in Python and returns the result.</doc>
<status status="NOT RUN" starttime="20241117 14:54:02.372" endtime="20241117 14:54:02.372"/>
</kw>
<status status="NOT RUN" starttime="20241117 14:54:02.372" endtime="20241117 14:54:02.372"/>
</branch>
<status status="PASS" starttime="20241117 14:54:02.359" endtime="20241117 14:54:02.372"/>
</if>
<if>
<branch type="IF" condition="$HEADLESS == 'true'">
<kw name="Set Selenium Speed" library="SeleniumLibrary">
<arg>0</arg>
<doc>Sets the delay that is waited after each Selenium command.</doc>
<status status="NOT RUN" starttime="20241117 14:54:02.372" endtime="20241117 14:54:02.372"/>
</kw>
<kw name="Call Method" library="BuiltIn">
<arg>${options}</arg>
<arg>add_argument</arg>
<arg>--headless</arg>
<doc>Calls the named method of the given object with the provided arguments.</doc>
<status status="NOT RUN" starttime="20241117 14:54:02.372" endtime="20241117 14:54:02.372"/>
</kw>
<status status="NOT RUN" starttime="20241117 14:54:02.372" endtime="20241117 14:54:02.372"/>
</branch>
<branch type="ELSE">
<kw name="Set Selenium Speed" library="SeleniumLibrary">
<arg>${DELAY}</arg>
<doc>Sets the delay that is waited after each Selenium command.</doc>
<status status="PASS" starttime="20241117 14:54:02.372" endtime="20241117 14:54:02.372"/>
</kw>
<status status="PASS" starttime="20241117 14:54:02.372" endtime="20241117 14:54:02.372"/>
</branch>
<status status="PASS" starttime="20241117 14:54:02.372" endtime="20241117 14:54:02.373"/>
</if>
<kw name="Open Browser" library="SeleniumLibrary">
<arg>browser=${BROWSER}</arg>
<arg>options=${options}</arg>
<doc>Opens a new browser instance to the optional ``url``.</doc>
<msg timestamp="20241117 14:54:02.373" level="INFO">Opening browser 'chrome' to base url 'None'.</msg>
<status status="PASS" starttime="20241117 14:54:02.373" endtime="20241117 14:54:02.795"/>
</kw>
<status status="PASS" starttime="20241117 14:54:02.359" endtime="20241117 14:54:02.796"/>
</kw>
<test id="s1-t1" name="Register With Valid Username And Password" line="9">
<kw name="Reset Application Create User And Go To Register Page" type="SETUP">
<kw name="Reset Application" library="AppLibrary">
<status status="PASS" starttime="20241117 14:54:02.797" endtime="20241117 14:54:02.802"/>
</kw>
<kw name="Create User" library="AppLibrary">
<arg>kalle</arg>
<arg>kalle123</arg>
<status status="PASS" starttime="20241117 14:54:02.802" endtime="20241117 14:54:02.812"/>
</kw>
<kw name="Go To Register Page" library="resource">
<kw name="Go To" library="SeleniumLibrary">
<arg>${REGISTER_URL}</arg>
<doc>Navigates the current browser window to the provided ``url``.</doc>
<msg timestamp="20241117 14:54:02.812" level="INFO">Opening url 'http://localhost:5001/register'</msg>
<status status="PASS" starttime="20241117 14:54:02.812" endtime="20241117 14:54:03.357"/>
</kw>
<status status="PASS" starttime="20241117 14:54:02.812" endtime="20241117 14:54:03.357"/>
</kw>
<status status="PASS" starttime="20241117 14:54:02.797" endtime="20241117 14:54:03.358"/>
</kw>
<kw name="Set Username">
<arg>anna</arg>
<kw name="Input Text" library="SeleniumLibrary">
<arg>username</arg>
<arg>${username}</arg>
<doc>Types the given ``text`` into the text field identified by ``locator``.</doc>
<msg timestamp="20241117 14:54:03.362" level="INFO">Typing text 'anna' into text field 'username'.</msg>
<status status="PASS" starttime="20241117 14:54:03.360" endtime="20241117 14:54:05.092"/>
</kw>
<status status="PASS" starttime="20241117 14:54:03.359" endtime="20241117 14:54:05.092"/>
</kw>
<kw name="Set Password">
<arg>anna1234</arg>
<kw name="Input Password" library="SeleniumLibrary">
<arg>password</arg>
<arg>${password}</arg>
<doc>Types the given password into the text field identified by ``locator``.</doc>
<msg timestamp="20241117 14:54:05.096" level="INFO">Typing password into text field 'password'.</msg>
<msg timestamp="20241117 14:54:06.211" level="INFO">Temporally setting log level to: NONE</msg>
<msg timestamp="20241117 14:54:06.821" level="INFO">Log level changed from NONE to INFO.</msg>
<status status="PASS" starttime="20241117 14:54:05.094" endtime="20241117 14:54:06.822"/>
</kw>
<status status="PASS" starttime="20241117 14:54:05.093" endtime="20241117 14:54:06.822"/>
</kw>
<kw name="Set Password Confirmation">
<arg>anna1234</arg>
<kw name="Input Password" library="SeleniumLibrary">
<arg>password_confirmation</arg>
<arg>${password}</arg>
<doc>Types the given password into the text field identified by ``locator``.</doc>
<msg timestamp="20241117 14:54:06.827" level="INFO">Typing password into text field 'password_confirmation'.</msg>
<msg timestamp="20241117 14:54:07.940" level="INFO">Temporally setting log level to: NONE</msg>
<msg timestamp="20241117 14:54:08.556" level="INFO">Log level changed from NONE to INFO.</msg>
<status status="PASS" starttime="20241117 14:54:06.824" endtime="20241117 14:54:08.556"/>
</kw>
<status status="PASS" starttime="20241117 14:54:06.823" endtime="20241117 14:54:08.556"/>
</kw>
<kw name="Submit Registering Credentials">
<kw name="Click Button" library="SeleniumLibrary">
<arg>Register</arg>
<doc>Clicks the button identified by ``locator``.</doc>
<msg timestamp="20241117 14:54:08.557" level="INFO">Clicking button 'Register'.</msg>
<status status="PASS" starttime="20241117 14:54:08.557" endtime="20241117 14:54:10.701"/>
</kw>
<status status="PASS" starttime="20241117 14:54:08.556" endtime="20241117 14:54:10.701"/>
</kw>
<kw name="Registering Should Succeed">
<kw name="Welcome Page Should Be Open" library="resource">
<kw name="Title Should Be" library="SeleniumLibrary">
<arg>Welcome to Ohtu Application!</arg>
<doc>Verifies that the current page title equals ``title``.</doc>
<msg timestamp="20241117 14:54:11.207" level="INFO">Page title is 'Welcome to Ohtu Application!'.</msg>
<status status="PASS" starttime="20241117 14:54:10.702" endtime="20241117 14:54:11.207"/>
</kw>
<status status="PASS" starttime="20241117 14:54:10.701" endtime="20241117 14:54:11.207"/>
</kw>
<status status="PASS" starttime="20241117 14:54:10.701" endtime="20241117 14:54:11.207"/>
</kw>
<status status="PASS" starttime="20241117 14:54:02.796" endtime="20241117 14:54:11.207"/>
</test>
<test id="s1-t2" name="Register With Too Short Username And Valid Password" line="16">
<kw name="Reset Application Create User And Go To Register Page" type="SETUP">
<kw name="Reset Application" library="AppLibrary">
<status status="PASS" starttime="20241117 14:54:11.208" endtime="20241117 14:54:11.212"/>
</kw>
<kw name="Create User" library="AppLibrary">
<arg>kalle</arg>
<arg>kalle123</arg>
<status status="PASS" starttime="20241117 14:54:11.212" endtime="20241117 14:54:11.218"/>
</kw>
<kw name="Go To Register Page" library="resource">
<kw name="Go To" library="SeleniumLibrary">
<arg>${REGISTER_URL}</arg>
<doc>Navigates the current browser window to the provided ``url``.</doc>
<msg timestamp="20241117 14:54:11.219" level="INFO">Opening url 'http://localhost:5001/register'</msg>
<status status="PASS" starttime="20241117 14:54:11.219" endtime="20241117 14:54:11.736"/>
</kw>
<status status="PASS" starttime="20241117 14:54:11.218" endtime="20241117 14:54:11.736"/>
</kw>
<status status="PASS" starttime="20241117 14:54:11.208" endtime="20241117 14:54:11.736"/>
</kw>
<kw name="Set Username">
<arg>a</arg>
<kw name="Input Text" library="SeleniumLibrary">
<arg>username</arg>
<arg>${username}</arg>
<doc>Types the given ``text`` into the text field identified by ``locator``.</doc>
<msg timestamp="20241117 14:54:11.737" level="INFO">Typing text 'a' into text field 'username'.</msg>
<status status="PASS" starttime="20241117 14:54:11.737" endtime="20241117 14:54:13.300"/>
</kw>
<status status="PASS" starttime="20241117 14:54:11.736" endtime="20241117 14:54:13.301"/>
</kw>
<kw name="Set Password">
<arg>anna1234</arg>
<kw name="Input Password" library="SeleniumLibrary">
<arg>password</arg>
<arg>${password}</arg>
<doc>Types the given password into the text field identified by ``locator``.</doc>
<msg timestamp="20241117 14:54:13.303" level="INFO">Typing password into text field 'password'.</msg>
<msg timestamp="20241117 14:54:14.340" level="INFO">Temporally setting log level to: NONE</msg>
<msg timestamp="20241117 14:54:14.897" level="INFO">Log level changed from NONE to INFO.</msg>
<status status="PASS" starttime="20241117 14:54:13.302" endtime="20241117 14:54:14.897"/>
</kw>
<status status="PASS" starttime="20241117 14:54:13.301" endtime="20241117 14:54:14.897"/>
</kw>
<kw name="Set Password Confirmation">
<arg>anna1234</arg>
<kw name="Input Password" library="SeleniumLibrary">
<arg>password_confirmation</arg>
<arg>${password}</arg>
<doc>Types the given password into the text field identified by ``locator``.</doc>
<msg timestamp="20241117 14:54:14.898" level="INFO">Typing password into text field 'password_confirmation'.</msg>
<msg timestamp="20241117 14:54:15.927" level="INFO">Temporally setting log level to: NONE</msg>
<msg timestamp="20241117 14:54:16.544" level="INFO">Log level changed from NONE to INFO.</msg>
<status status="PASS" starttime="20241117 14:54:14.898" endtime="20241117 14:54:16.545"/>
</kw>
<status status="PASS" starttime="20241117 14:54:14.897" endtime="20241117 14:54:16.545"/>
</kw>
<kw name="Submit Registering Credentials">
<kw name="Click Button" library="SeleniumLibrary">
<arg>Register</arg>
<doc>Clicks the button identified by ``locator``.</doc>
<msg timestamp="20241117 14:54:16.548" level="INFO">Clicking button 'Register'.</msg>
<status status="PASS" starttime="20241117 14:54:16.547" endtime="20241117 14:54:18.669"/>
</kw>
<status status="PASS" starttime="20241117 14:54:16.546" endtime="20241117 14:54:18.669"/>
</kw>
<kw name="Registering Should Fail With Message">
<arg>Username is too short</arg>
<kw name="Register Page Should Be Open" library="resource">
<kw name="Title Should Be" library="SeleniumLibrary">
<arg>Register</arg>
<doc>Verifies that the current page title equals ``title``.</doc>
<msg timestamp="20241117 14:54:19.178" level="INFO">Page title is 'Register'.</msg>
<status status="PASS" starttime="20241117 14:54:18.671" endtime="20241117 14:54:19.178"/>
</kw>
<status status="PASS" starttime="20241117 14:54:18.670" endtime="20241117 14:54:19.178"/>
</kw>
<kw name="Page Should Contain" library="SeleniumLibrary">
<arg>${message}</arg>
<doc>Verifies that current page contains ``text``.</doc>
<msg timestamp="20241117 14:54:20.218" level="INFO">Current page contains text 'Username is too short'.</msg>
<status status="PASS" starttime="20241117 14:54:19.178" endtime="20241117 14:54:20.218"/>
</kw>
<status status="PASS" starttime="20241117 14:54:18.669" endtime="20241117 14:54:20.219"/>
</kw>
<status status="PASS" starttime="20241117 14:54:11.208" endtime="20241117 14:54:20.220"/>
</test>
<test id="s1-t3" name="Register With Valid Username And Too Short Password" line="23">
<kw name="Reset Application Create User And Go To Register Page" type="SETUP">
<kw name="Reset Application" library="AppLibrary">
<status status="PASS" starttime="20241117 14:54:20.224" endtime="20241117 14:54:20.235"/>
</kw>
<kw name="Create User" library="AppLibrary">
<arg>kalle</arg>
<arg>kalle123</arg>
<status status="PASS" starttime="20241117 14:54:20.235" endtime="20241117 14:54:20.260"/>
</kw>
<kw name="Go To Register Page" library="resource">
<kw name="Go To" library="SeleniumLibrary">
<arg>${REGISTER_URL}</arg>
<doc>Navigates the current browser window to the provided ``url``.</doc>
<msg timestamp="20241117 14:54:20.262" level="INFO">Opening url 'http://localhost:5001/register'</msg>
<status status="PASS" starttime="20241117 14:54:20.262" endtime="20241117 14:54:20.813"/>
</kw>
<status status="PASS" starttime="20241117 14:54:20.261" endtime="20241117 14:54:20.813"/>
</kw>
<status status="PASS" starttime="20241117 14:54:20.223" endtime="20241117 14:54:20.814"/>
</kw>
<kw name="Set Username">
<arg>anna</arg>
<kw name="Input Text" library="SeleniumLibrary">
<arg>username</arg>
<arg>${username}</arg>
<doc>Types the given ``text`` into the text field identified by ``locator``.</doc>
<msg timestamp="20241117 14:54:20.818" level="INFO">Typing text 'anna' into text field 'username'.</msg>
<status status="PASS" starttime="20241117 14:54:20.815" endtime="20241117 14:54:22.420"/>
</kw>
<status status="PASS" starttime="20241117 14:54:20.814" endtime="20241117 14:54:22.420"/>
</kw>
<kw name="Set Password">
<arg>a1</arg>
<kw name="Input Password" library="SeleniumLibrary">
<arg>password</arg>
<arg>${password}</arg>
<doc>Types the given password into the text field identified by ``locator``.</doc>
<msg timestamp="20241117 14:54:22.421" level="INFO">Typing password into text field 'password'.</msg>
<msg timestamp="20241117 14:54:23.451" level="INFO">Temporally setting log level to: NONE</msg>
<msg timestamp="20241117 14:54:23.991" level="INFO">Log level changed from NONE to INFO.</msg>
<status status="PASS" starttime="20241117 14:54:22.420" endtime="20241117 14:54:23.991"/>
</kw>
<status status="PASS" starttime="20241117 14:54:22.420" endtime="20241117 14:54:23.991"/>
</kw>
<kw name="Set Password Confirmation">
<arg>a1</arg>
<kw name="Input Password" library="SeleniumLibrary">
<arg>password_confirmation</arg>
<arg>${password}</arg>
<doc>Types the given password into the text field identified by ``locator``.</doc>
<msg timestamp="20241117 14:54:23.992" level="INFO">Typing password into text field 'password_confirmation'.</msg>
<msg timestamp="20241117 14:54:25.044" level="INFO">Temporally setting log level to: NONE</msg>
<msg timestamp="20241117 14:54:25.589" level="INFO">Log level changed from NONE to INFO.</msg>
<status status="PASS" starttime="20241117 14:54:23.991" endtime="20241117 14:54:25.589"/>
</kw>
<status status="PASS" starttime="20241117 14:54:23.991" endtime="20241117 14:54:25.589"/>
</kw>
<kw name="Submit Registering Credentials">
<kw name="Click Button" library="SeleniumLibrary">
<arg>Register</arg>
<doc>Clicks the button identified by ``locator``.</doc>
<msg timestamp="20241117 14:54:25.590" level="INFO">Clicking button 'Register'.</msg>
<status status="PASS" starttime="20241117 14:54:25.590" endtime="20241117 14:54:27.733"/>
</kw>
<status status="PASS" starttime="20241117 14:54:25.589" endtime="20241117 14:54:27.734"/>
</kw>
<kw name="Registering Should Fail With Message">
<arg>Password is too short</arg>
<kw name="Register Page Should Be Open" library="resource">
<kw name="Title Should Be" library="SeleniumLibrary">
<arg>Register</arg>
<doc>Verifies that the current page title equals ``title``.</doc>
<msg timestamp="20241117 14:54:28.240" level="INFO">Page title is 'Register'.</msg>
<status status="PASS" starttime="20241117 14:54:27.734" endtime="20241117 14:54:28.241"/>
</kw>
<status status="PASS" starttime="20241117 14:54:27.734" endtime="20241117 14:54:28.241"/>
</kw>
<kw name="Page Should Contain" library="SeleniumLibrary">
<arg>${message}</arg>
<doc>Verifies that current page contains ``text``.</doc>
<msg timestamp="20241117 14:54:29.295" level="INFO">Current page contains text 'Password is too short'.</msg>
<status status="PASS" starttime="20241117 14:54:28.241" endtime="20241117 14:54:29.295"/>
</kw>
<status status="PASS" starttime="20241117 14:54:27.734" endtime="20241117 14:54:29.295"/>
</kw>
<status status="PASS" starttime="20241117 14:54:20.221" endtime="20241117 14:54:29.295"/>
</test>
<test id="s1-t4" name="Register With Valid Username And Invalid Password" line="30">
<kw name="Reset Application Create User And Go To Register Page" type="SETUP">
<kw name="Reset Application" library="AppLibrary">
<status status="PASS" starttime="20241117 14:54:29.297" endtime="20241117 14:54:29.299"/>
</kw>
<kw name="Create User" library="AppLibrary">
<arg>kalle</arg>
<arg>kalle123</arg>
<status status="PASS" starttime="20241117 14:54:29.300" endtime="20241117 14:54:29.306"/>
</kw>
<kw name="Go To Register Page" library="resource">
<kw name="Go To" library="SeleniumLibrary">
<arg>${REGISTER_URL}</arg>
<doc>Navigates the current browser window to the provided ``url``.</doc>
<msg timestamp="20241117 14:54:29.306" level="INFO">Opening url 'http://localhost:5001/register'</msg>
<status status="PASS" starttime="20241117 14:54:29.306" endtime="20241117 14:54:29.823"/>
</kw>
<status status="PASS" starttime="20241117 14:54:29.306" endtime="20241117 14:54:29.823"/>
</kw>
<status status="PASS" starttime="20241117 14:54:29.296" endtime="20241117 14:54:29.823"/>
</kw>
<kw name="Set Username">
<arg>anna</arg>
<kw name="Input Text" library="SeleniumLibrary">
<arg>username</arg>
<arg>${username}</arg>
<doc>Types the given ``text`` into the text field identified by ``locator``.</doc>
<msg timestamp="20241117 14:54:29.825" level="INFO">Typing text 'anna' into text field 'username'.</msg>
<status status="PASS" starttime="20241117 14:54:29.824" endtime="20241117 14:54:31.400"/>
</kw>
<status status="PASS" starttime="20241117 14:54:29.824" endtime="20241117 14:54:31.400"/>
</kw>
<kw name="Set Password">
<arg>annaanna</arg>
<kw name="Input Password" library="SeleniumLibrary">
<arg>password</arg>
<arg>${password}</arg>
<doc>Types the given password into the text field identified by ``locator``.</doc>
<msg timestamp="20241117 14:54:31.402" level="INFO">Typing password into text field 'password'.</msg>
<msg timestamp="20241117 14:54:32.461" level="INFO">Temporally setting log level to: NONE</msg>
<msg timestamp="20241117 14:54:32.999" level="INFO">Log level changed from NONE to INFO.</msg>
<status status="PASS" starttime="20241117 14:54:31.401" endtime="20241117 14:54:33.000"/>
</kw>
<status status="PASS" starttime="20241117 14:54:31.400" endtime="20241117 14:54:33.000"/>
</kw>
<kw name="Set Password Confirmation">
<arg>annaanna</arg>
<kw name="Input Password" library="SeleniumLibrary">
<arg>password_confirmation</arg>
<arg>${password}</arg>
<doc>Types the given password into the text field identified by ``locator``.</doc>
<msg timestamp="20241117 14:54:33.001" level="INFO">Typing password into text field 'password_confirmation'.</msg>
<msg timestamp="20241117 14:54:34.034" level="INFO">Temporally setting log level to: NONE</msg>
<msg timestamp="20241117 14:54:34.573" level="INFO">Log level changed from NONE to INFO.</msg>
<status status="PASS" starttime="20241117 14:54:33.001" endtime="20241117 14:54:34.573"/>
</kw>
<status status="PASS" starttime="20241117 14:54:33.000" endtime="20241117 14:54:34.573"/>
</kw>
<kw name="Submit Registering Credentials">
<kw name="Click Button" library="SeleniumLibrary">
<arg>Register</arg>
<doc>Clicks the button identified by ``locator``.</doc>
<msg timestamp="20241117 14:54:34.574" level="INFO">Clicking button 'Register'.</msg>
<status status="PASS" starttime="20241117 14:54:34.574" endtime="20241117 14:54:36.648"/>
</kw>
<status status="PASS" starttime="20241117 14:54:34.573" endtime="20241117 14:54:36.648"/>
</kw>
<kw name="Registering Should Fail With Message">
<arg>Password should contain atleast two different types of characters</arg>
<kw name="Register Page Should Be Open" library="resource">
<kw name="Title Should Be" library="SeleniumLibrary">
<arg>Register</arg>
<doc>Verifies that the current page title equals ``title``.</doc>
<msg timestamp="20241117 14:54:37.155" level="INFO">Page title is 'Register'.</msg>
<status status="PASS" starttime="20241117 14:54:36.649" endtime="20241117 14:54:37.155"/>
</kw>
<status status="PASS" starttime="20241117 14:54:36.648" endtime="20241117 14:54:37.155"/>
</kw>
<kw name="Page Should Contain" library="SeleniumLibrary">
<arg>${message}</arg>
<doc>Verifies that current page contains ``text``.</doc>
<msg timestamp="20241117 14:54:38.171" level="INFO">Current page contains text 'Password should contain atleast two different types of characters'.</msg>
<status status="PASS" starttime="20241117 14:54:37.155" endtime="20241117 14:54:38.171"/>
</kw>
<status status="PASS" starttime="20241117 14:54:36.648" endtime="20241117 14:54:38.171"/>
</kw>
<status status="PASS" starttime="20241117 14:54:29.296" endtime="20241117 14:54:38.171"/>
</test>
<test id="s1-t5" name="Register With Nonmatching Password And Password Confirmation" line="38">
<kw name="Reset Application Create User And Go To Register Page" type="SETUP">
<kw name="Reset Application" library="AppLibrary">
<status status="PASS" starttime="20241117 14:54:38.172" endtime="20241117 14:54:38.175"/>
</kw>
<kw name="Create User" library="AppLibrary">
<arg>kalle</arg>
<arg>kalle123</arg>
<status status="PASS" starttime="20241117 14:54:38.175" endtime="20241117 14:54:38.181"/>
</kw>
<kw name="Go To Register Page" library="resource">
<kw name="Go To" library="SeleniumLibrary">
<arg>${REGISTER_URL}</arg>
<doc>Navigates the current browser window to the provided ``url``.</doc>
<msg timestamp="20241117 14:54:38.181" level="INFO">Opening url 'http://localhost:5001/register'</msg>
<status status="PASS" starttime="20241117 14:54:38.181" endtime="20241117 14:54:38.700"/>
</kw>
<status status="PASS" starttime="20241117 14:54:38.181" endtime="20241117 14:54:38.700"/>
</kw>
<status status="PASS" starttime="20241117 14:54:38.172" endtime="20241117 14:54:38.700"/>
</kw>
<kw name="Set Username">
<arg>anna</arg>
<kw name="Input Text" library="SeleniumLibrary">
<arg>username</arg>
<arg>${username}</arg>
<doc>Types the given ``text`` into the text field identified by ``locator``.</doc>
<msg timestamp="20241117 14:54:38.701" level="INFO">Typing text 'anna' into text field 'username'.</msg>
<status status="PASS" starttime="20241117 14:54:38.701" endtime="20241117 14:54:40.274"/>
</kw>
<status status="PASS" starttime="20241117 14:54:38.700" endtime="20241117 14:54:40.274"/>
</kw>
<kw name="Set Password">
<arg>annaSusanna123</arg>
<kw name="Input Password" library="SeleniumLibrary">
<arg>password</arg>
<arg>${password}</arg>
<doc>Types the given password into the text field identified by ``locator``.</doc>
<msg timestamp="20241117 14:54:40.275" level="INFO">Typing password into text field 'password'.</msg>
<msg timestamp="20241117 14:54:41.306" level="INFO">Temporally setting log level to: NONE</msg>
<msg timestamp="20241117 14:54:41.847" level="INFO">Log level changed from NONE to INFO.</msg>
<status status="PASS" starttime="20241117 14:54:40.275" endtime="20241117 14:54:41.847"/>
</kw>
<status status="PASS" starttime="20241117 14:54:40.274" endtime="20241117 14:54:41.847"/>
</kw>
<kw name="Set Password Confirmation">
<arg>annaanna111</arg>
<kw name="Input Password" library="SeleniumLibrary">
<arg>password_confirmation</arg>
<arg>${password}</arg>
<doc>Types the given password into the text field identified by ``locator``.</doc>
<msg timestamp="20241117 14:54:41.849" level="INFO">Typing password into text field 'password_confirmation'.</msg>
<msg timestamp="20241117 14:54:42.885" level="INFO">Temporally setting log level to: NONE</msg>
<msg timestamp="20241117 14:54:43.424" level="INFO">Log level changed from NONE to INFO.</msg>
<status status="PASS" starttime="20241117 14:54:41.848" endtime="20241117 14:54:43.424"/>
</kw>
<status status="PASS" starttime="20241117 14:54:41.847" endtime="20241117 14:54:43.424"/>
</kw>
<kw name="Submit Registering Credentials">
<kw name="Click Button" library="SeleniumLibrary">
<arg>Register</arg>
<doc>Clicks the button identified by ``locator``.</doc>
<msg timestamp="20241117 14:54:43.426" level="INFO">Clicking button 'Register'.</msg>
<status status="PASS" starttime="20241117 14:54:43.425" endtime="20241117 14:54:45.515"/>
</kw>
<status status="PASS" starttime="20241117 14:54:43.424" endtime="20241117 14:54:45.516"/>
</kw>
<kw name="Registering Should Fail With Message">
<arg>Given passwords do not match</arg>
<kw name="Register Page Should Be Open" library="resource">
<kw name="Title Should Be" library="SeleniumLibrary">
<arg>Register</arg>
<doc>Verifies that the current page title equals ``title``.</doc>
<msg timestamp="20241117 14:54:46.026" level="INFO">Page title is 'Register'.</msg>
<status status="PASS" starttime="20241117 14:54:45.518" endtime="20241117 14:54:46.026"/>
</kw>
<status status="PASS" starttime="20241117 14:54:45.517" endtime="20241117 14:54:46.026"/>
</kw>
<kw name="Page Should Contain" library="SeleniumLibrary">
<arg>${message}</arg>
<doc>Verifies that current page contains ``text``.</doc>
<msg timestamp="20241117 14:54:47.043" level="INFO">Current page contains text 'Given passwords do not match'.</msg>
<status status="PASS" starttime="20241117 14:54:46.026" endtime="20241117 14:54:47.043"/>
</kw>
<status status="PASS" starttime="20241117 14:54:45.517" endtime="20241117 14:54:47.043"/>
</kw>
<status status="PASS" starttime="20241117 14:54:38.172" endtime="20241117 14:54:47.043"/>
</test>
<test id="s1-t6" name="Register With Username That Is Already In Use" line="45">
<kw name="Reset Application Create User And Go To Register Page" type="SETUP">
<kw name="Reset Application" library="AppLibrary">
<status status="PASS" starttime="20241117 14:54:47.045" endtime="20241117 14:54:47.048"/>
</kw>
<kw name="Create User" library="AppLibrary">
<arg>kalle</arg>
<arg>kalle123</arg>
<status status="PASS" starttime="20241117 14:54:47.049" endtime="20241117 14:54:47.057"/>
</kw>
<kw name="Go To Register Page" library="resource">
<kw name="Go To" library="SeleniumLibrary">
<arg>${REGISTER_URL}</arg>
<doc>Navigates the current browser window to the provided ``url``.</doc>
<msg timestamp="20241117 14:54:47.057" level="INFO">Opening url 'http://localhost:5001/register'</msg>
<status status="PASS" starttime="20241117 14:54:47.057" endtime="20241117 14:54:47.576"/>
</kw>
<status status="PASS" starttime="20241117 14:54:47.057" endtime="20241117 14:54:47.576"/>
</kw>
<status status="PASS" starttime="20241117 14:54:47.044" endtime="20241117 14:54:47.576"/>
</kw>
<kw name="Set Username">
<arg>kalle</arg>
<kw name="Input Text" library="SeleniumLibrary">
<arg>username</arg>
<arg>${username}</arg>
<doc>Types the given ``text`` into the text field identified by ``locator``.</doc>
<msg timestamp="20241117 14:54:47.577" level="INFO">Typing text 'kalle' into text field 'username'.</msg>
<status status="PASS" starttime="20241117 14:54:47.577" endtime="20241117 14:54:49.156"/>
</kw>
<status status="PASS" starttime="20241117 14:54:47.576" endtime="20241117 14:54:49.156"/>
</kw>
<kw name="Set Password">
<arg>anna1234</arg>
<kw name="Input Password" library="SeleniumLibrary">
<arg>password</arg>
<arg>${password}</arg>
<doc>Types the given password into the text field identified by ``locator``.</doc>
<msg timestamp="20241117 14:54:49.157" level="INFO">Typing password into text field 'password'.</msg>
<msg timestamp="20241117 14:54:50.189" level="INFO">Temporally setting log level to: NONE</msg>
<msg timestamp="20241117 14:54:50.735" level="INFO">Log level changed from NONE to INFO.</msg>
<status status="PASS" starttime="20241117 14:54:49.156" endtime="20241117 14:54:50.735"/>
</kw>
<status status="PASS" starttime="20241117 14:54:49.156" endtime="20241117 14:54:50.735"/>
</kw>
<kw name="Set Password Confirmation">
<arg>anna1234</arg>
<kw name="Input Password" library="SeleniumLibrary">
<arg>password_confirmation</arg>
<arg>${password}</arg>
<doc>Types the given password into the text field identified by ``locator``.</doc>
<msg timestamp="20241117 14:54:50.736" level="INFO">Typing password into text field 'password_confirmation'.</msg>
<msg timestamp="20241117 14:54:51.774" level="INFO">Temporally setting log level to: NONE</msg>
<msg timestamp="20241117 14:54:52.313" level="INFO">Log level changed from NONE to INFO.</msg>
<status status="PASS" starttime="20241117 14:54:50.736" endtime="20241117 14:54:52.314"/>
</kw>
<status status="PASS" starttime="20241117 14:54:50.735" endtime="20241117 14:54:52.314"/>
</kw>
<kw name="Submit Registering Credentials">
<kw name="Click Button" library="SeleniumLibrary">
<arg>Register</arg>
<doc>Clicks the button identified by ``locator``.</doc>
<msg timestamp="20241117 14:54:52.317" level="INFO">Clicking button 'Register'.</msg>
<status status="PASS" starttime="20241117 14:54:52.315" endtime="20241117 14:54:54.419"/>
</kw>
<status status="PASS" starttime="20241117 14:54:52.314" endtime="20241117 14:54:54.419"/>
</kw>
<kw name="Registering Should Fail With Message">
<arg>User with username kalle already exists</arg>
<kw name="Register Page Should Be Open" library="resource">
<kw name="Title Should Be" library="SeleniumLibrary">
<arg>Register</arg>
<doc>Verifies that the current page title equals ``title``.</doc>
<msg timestamp="20241117 14:54:54.925" level="INFO">Page title is 'Register'.</msg>
<status status="PASS" starttime="20241117 14:54:54.419" endtime="20241117 14:54:54.925"/>
</kw>
<status status="PASS" starttime="20241117 14:54:54.419" endtime="20241117 14:54:54.925"/>
</kw>
<kw name="Page Should Contain" library="SeleniumLibrary">
<arg>${message}</arg>
<doc>Verifies that current page contains ``text``.</doc>
<msg timestamp="20241117 14:54:55.940" level="INFO">Current page contains text 'User with username kalle already exists'.</msg>
<status status="PASS" starttime="20241117 14:54:54.925" endtime="20241117 14:54:55.940"/>
</kw>
<status status="PASS" starttime="20241117 14:54:54.419" endtime="20241117 14:54:55.940"/>
</kw>
<status status="PASS" starttime="20241117 14:54:47.044" endtime="20241117 14:54:55.940"/>
</test>
<test id="s1-t7" name="Login After Successful Registration" line="52">
<kw name="Reset Application Create User And Go To Register Page" type="SETUP">
<kw name="Reset Application" library="AppLibrary">
<status status="PASS" starttime="20241117 14:54:55.941" endtime="20241117 14:54:55.944"/>
</kw>
<kw name="Create User" library="AppLibrary">
<arg>kalle</arg>
<arg>kalle123</arg>
<status status="PASS" starttime="20241117 14:54:55.944" endtime="20241117 14:54:55.952"/>
</kw>
<kw name="Go To Register Page" library="resource">
<kw name="Go To" library="SeleniumLibrary">
<arg>${REGISTER_URL}</arg>
<doc>Navigates the current browser window to the provided ``url``.</doc>
<msg timestamp="20241117 14:54:55.953" level="INFO">Opening url 'http://localhost:5001/register'</msg>
<status status="PASS" starttime="20241117 14:54:55.952" endtime="20241117 14:54:56.468"/>
</kw>
<status status="PASS" starttime="20241117 14:54:55.952" endtime="20241117 14:54:56.468"/>
</kw>
<status status="PASS" starttime="20241117 14:54:55.941" endtime="20241117 14:54:56.468"/>
</kw>
<kw name="Register With Valid Username And Password">
<kw name="Set Username">
<arg>anna</arg>
<kw name="Input Text" library="SeleniumLibrary">
<arg>username</arg>
<arg>${username}</arg>
<doc>Types the given ``text`` into the text field identified by ``locator``.</doc>
<msg timestamp="20241117 14:54:56.469" level="INFO">Typing text 'anna' into text field 'username'.</msg>
<status status="PASS" starttime="20241117 14:54:56.469" endtime="20241117 14:54:58.044"/>
</kw>
<status status="PASS" starttime="20241117 14:54:56.469" endtime="20241117 14:54:58.044"/>
</kw>
<kw name="Set Password">
<arg>anna1234</arg>
<kw name="Input Password" library="SeleniumLibrary">
<arg>password</arg>
<arg>${password}</arg>
<doc>Types the given password into the text field identified by ``locator``.</doc>
<msg timestamp="20241117 14:54:58.049" level="INFO">Typing password into text field 'password'.</msg>
<msg timestamp="20241117 14:54:59.091" level="INFO">Temporally setting log level to: NONE</msg>
<msg timestamp="20241117 14:54:59.634" level="INFO">Log level changed from NONE to INFO.</msg>
<status status="PASS" starttime="20241117 14:54:58.047" endtime="20241117 14:54:59.634"/>
</kw>
<status status="PASS" starttime="20241117 14:54:58.045" endtime="20241117 14:54:59.634"/>
</kw>
<kw name="Set Password Confirmation">
<arg>anna1234</arg>
<kw name="Input Password" library="SeleniumLibrary">
<arg>password_confirmation</arg>
<arg>${password}</arg>
<doc>Types the given password into the text field identified by ``locator``.</doc>
<msg timestamp="20241117 14:54:59.635" level="INFO">Typing password into text field 'password_confirmation'.</msg>
<msg timestamp="20241117 14:55:00.667" level="INFO">Temporally setting log level to: NONE</msg>
<msg timestamp="20241117 14:55:01.208" level="INFO">Log level changed from NONE to INFO.</msg>
<status status="PASS" starttime="20241117 14:54:59.634" endtime="20241117 14:55:01.208"/>
</kw>
<status status="PASS" starttime="20241117 14:54:59.634" endtime="20241117 14:55:01.208"/>
</kw>
<kw name="Submit Registering Credentials">
<kw name="Click Button" library="SeleniumLibrary">
<arg>Register</arg>
<doc>Clicks the button identified by ``locator``.</doc>
<msg timestamp="20241117 14:55:01.209" level="INFO">Clicking button 'Register'.</msg>
<status status="PASS" starttime="20241117 14:55:01.209" endtime="20241117 14:55:03.294"/>
</kw>
<status status="PASS" starttime="20241117 14:55:01.208" endtime="20241117 14:55:03.295"/>
</kw>
<kw name="Registering Should Succeed">
<kw name="Welcome Page Should Be Open" library="resource">
<kw name="Title Should Be" library="SeleniumLibrary">
<arg>Welcome to Ohtu Application!</arg>
<doc>Verifies that the current page title equals ``title``.</doc>
<msg timestamp="20241117 14:55:03.800" level="INFO">Page title is 'Welcome to Ohtu Application!'.</msg>
<status status="PASS" starttime="20241117 14:55:03.295" endtime="20241117 14:55:03.800"/>
</kw>
<status status="PASS" starttime="20241117 14:55:03.295" endtime="20241117 14:55:03.800"/>
</kw>
<status status="PASS" starttime="20241117 14:55:03.295" endtime="20241117 14:55:03.800"/>
</kw>
<status status="PASS" starttime="20241117 14:54:56.468" endtime="20241117 14:55:03.800"/>
</kw>
<kw name="Logout After Registeration">
<kw name="Click Link" library="SeleniumLibrary">
<arg>Continue to main page</arg>
<doc>Clicks a link identified by ``locator``.</doc>
<msg timestamp="20241117 14:55:03.801" level="INFO">Clicking link 'Continue to main page'.</msg>
<status status="PASS" starttime="20241117 14:55:03.800" endtime="20241117 14:55:05.391"/>
</kw>
<kw name="Click Button" library="SeleniumLibrary">
<arg>Logout</arg>
<doc>Clicks the button identified by ``locator``.</doc>
<msg timestamp="20241117 14:55:05.391" level="INFO">Clicking button 'Logout'.</msg>
<status status="PASS" starttime="20241117 14:55:05.391" endtime="20241117 14:55:07.489"/>
</kw>
<status status="PASS" starttime="20241117 14:55:03.800" endtime="20241117 14:55:07.489"/>
</kw>
<kw name="Logout Should Succeed">
<kw name="Title Should Be" library="SeleniumLibrary">
<arg>Login</arg>
<doc>Verifies that the current page title equals ``title``.</doc>
<msg timestamp="20241117 14:55:07.996" level="INFO">Page title is 'Login'.</msg>
<status status="PASS" starttime="20241117 14:55:07.490" endtime="20241117 14:55:07.997"/>
</kw>
<status status="PASS" starttime="20241117 14:55:07.489" endtime="20241117 14:55:07.997"/>
</kw>
<kw name="Set Username">
<arg>anna</arg>
<kw name="Input Text" library="SeleniumLibrary">
<arg>username</arg>
<arg>${username}</arg>
<doc>Types the given ``text`` into the text field identified by ``locator``.</doc>
<msg timestamp="20241117 14:55:07.998" level="INFO">Typing text 'anna' into text field 'username'.</msg>
<status status="PASS" starttime="20241117 14:55:07.997" endtime="20241117 14:55:09.571"/>
</kw>
<status status="PASS" starttime="20241117 14:55:07.997" endtime="20241117 14:55:09.571"/>
</kw>
<kw name="Set Password">
<arg>anna1234</arg>
<kw name="Input Password" library="SeleniumLibrary">
<arg>password</arg>
<arg>${password}</arg>
<doc>Types the given password into the text field identified by ``locator``.</doc>
<msg timestamp="20241117 14:55:09.572" level="INFO">Typing password into text field 'password'.</msg>
<msg timestamp="20241117 14:55:10.606" level="INFO">Temporally setting log level to: NONE</msg>
<msg timestamp="20241117 14:55:11.156" level="INFO">Log level changed from NONE to INFO.</msg>
<status status="PASS" starttime="20241117 14:55:09.571" endtime="20241117 14:55:11.156"/>
</kw>
<status status="PASS" starttime="20241117 14:55:09.571" endtime="20241117 14:55:11.156"/>
</kw>
<kw name="Submit Login Credentials">
<kw name="Click Button" library="SeleniumLibrary">
<arg>Login</arg>
<doc>Clicks the button identified by ``locator``.</doc>
<msg timestamp="20241117 14:55:11.157" level="INFO">Clicking button 'Login'.</msg>
<status status="PASS" starttime="20241117 14:55:11.156" endtime="20241117 14:55:13.265"/>
</kw>
<status status="PASS" starttime="20241117 14:55:11.156" endtime="20241117 14:55:13.265"/>
</kw>
<kw name="Login Should Succeed">
<kw name="Main Page Should Be Open" library="resource">
<kw name="Title Should Be" library="SeleniumLibrary">
<arg>Ohtu Application main page</arg>
<doc>Verifies that the current page title equals ``title``.</doc>
<msg timestamp="20241117 14:55:13.771" level="INFO">Page title is 'Ohtu Application main page'.</msg>
<status status="PASS" starttime="20241117 14:55:13.266" endtime="20241117 14:55:13.772"/>
</kw>
<status status="PASS" starttime="20241117 14:55:13.266" endtime="20241117 14:55:13.772"/>
</kw>
<status status="PASS" starttime="20241117 14:55:13.265" endtime="20241117 14:55:13.772"/>
</kw>
<status status="PASS" starttime="20241117 14:54:55.941" endtime="20241117 14:55:13.772"/>
</test>
<test id="s1-t8" name="Login After Failed Registration" line="61">
<kw name="Reset Application Create User And Go To Register Page" type="SETUP">
<kw name="Reset Application" library="AppLibrary">
<status status="PASS" starttime="20241117 14:55:13.774" endtime="20241117 14:55:13.778"/>
</kw>
<kw name="Create User" library="AppLibrary">
<arg>kalle</arg>
<arg>kalle123</arg>
<status status="PASS" starttime="20241117 14:55:13.778" endtime="20241117 14:55:13.785"/>
</kw>
<kw name="Go To Register Page" library="resource">
<kw name="Go To" library="SeleniumLibrary">
<arg>${REGISTER_URL}</arg>
<doc>Navigates the current browser window to the provided ``url``.</doc>
<msg timestamp="20241117 14:55:13.785" level="INFO">Opening url 'http://localhost:5001/register'</msg>
<status status="PASS" starttime="20241117 14:55:13.785" endtime="20241117 14:55:18.990"/>
</kw>
<status status="PASS" starttime="20241117 14:55:13.785" endtime="20241117 14:55:18.990"/>
</kw>
<status status="PASS" starttime="20241117 14:55:13.774" endtime="20241117 14:55:18.990"/>
</kw>
<kw name="Register With Unvalid Username And Password">
<kw name="Set Username">
<arg>a</arg>
<kw name="Input Text" library="SeleniumLibrary">
<arg>username</arg>
<arg>${username}</arg>
<doc>Types the given ``text`` into the text field identified by ``locator``.</doc>
<msg timestamp="20241117 14:55:18.995" level="INFO">Typing text 'a' into text field 'username'.</msg>
<status status="PASS" starttime="20241117 14:55:18.993" endtime="20241117 14:55:20.665"/>
</kw>
<status status="PASS" starttime="20241117 14:55:18.992" endtime="20241117 14:55:20.665"/>
</kw>
<kw name="Set Password">
<arg>a</arg>
<kw name="Input Password" library="SeleniumLibrary">
<arg>password</arg>
<arg>${password}</arg>
<doc>Types the given password into the text field identified by ``locator``.</doc>
<msg timestamp="20241117 14:55:20.669" level="INFO">Typing password into text field 'password'.</msg>
<msg timestamp="20241117 14:55:21.753" level="INFO">Temporally setting log level to: NONE</msg>
<msg timestamp="20241117 14:55:22.378" level="INFO">Log level changed from NONE to INFO.</msg>
<status status="PASS" starttime="20241117 14:55:20.667" endtime="20241117 14:55:22.379"/>
</kw>
<status status="PASS" starttime="20241117 14:55:20.666" endtime="20241117 14:55:22.379"/>
</kw>
<kw name="Set Password Confirmation">
<arg>a</arg>
<kw name="Input Password" library="SeleniumLibrary">
<arg>password_confirmation</arg>
<arg>${password}</arg>
<doc>Types the given password into the text field identified by ``locator``.</doc>
<msg timestamp="20241117 14:55:22.383" level="INFO">Typing password into text field 'password_confirmation'.</msg>
<msg timestamp="20241117 14:55:23.494" level="INFO">Temporally setting log level to: NONE</msg>
<msg timestamp="20241117 14:55:24.027" level="INFO">Log level changed from NONE to INFO.</msg>
<status status="PASS" starttime="20241117 14:55:22.381" endtime="20241117 14:55:24.028"/>
</kw>
<status status="PASS" starttime="20241117 14:55:22.380" endtime="20241117 14:55:24.028"/>
</kw>
<kw name="Submit Registering Credentials">
<kw name="Click Button" library="SeleniumLibrary">
<arg>Register</arg>
<doc>Clicks the button identified by ``locator``.</doc>
<msg timestamp="20241117 14:55:24.031" level="INFO">Clicking button 'Register'.</msg>
<status status="PASS" starttime="20241117 14:55:24.030" endtime="20241117 14:55:26.235"/>
</kw>
<status status="PASS" starttime="20241117 14:55:24.028" endtime="20241117 14:55:26.235"/>
</kw>
<kw name="Registering Should Fail">
<kw name="Title Should Be" library="SeleniumLibrary">
<arg>Register</arg>
<doc>Verifies that the current page title equals ``title``.</doc>
<msg timestamp="20241117 14:55:26.754" level="INFO">Page title is 'Register'.</msg>
<status status="PASS" starttime="20241117 14:55:26.237" endtime="20241117 14:55:26.754"/>
</kw>
<status status="PASS" starttime="20241117 14:55:26.236" endtime="20241117 14:55:26.754"/>
</kw>
<status status="PASS" starttime="20241117 14:55:18.991" endtime="20241117 14:55:26.754"/>
</kw>
<kw name="Click Link" library="SeleniumLibrary">
<arg>Login</arg>
<doc>Clicks a link identified by ``locator``.</doc>
<msg timestamp="20241117 14:55:26.754" level="INFO">Clicking link 'Login'.</msg>
<status status="PASS" starttime="20241117 14:55:26.754" endtime="20241117 14:55:32.726"/>
</kw>
<kw name="Set Username">
<arg>anna</arg>
<kw name="Input Text" library="SeleniumLibrary">
<arg>username</arg>
<arg>${username}</arg>
<doc>Types the given ``text`` into the text field identified by ``locator``.</doc>
<msg timestamp="20241117 14:55:32.730" level="INFO">Typing text 'anna' into text field 'username'.</msg>
<status status="PASS" starttime="20241117 14:55:32.728" endtime="20241117 14:55:34.493"/>
</kw>
<status status="PASS" starttime="20241117 14:55:32.727" endtime="20241117 14:55:34.493"/>
</kw>
<kw name="Set Password">
<arg>anna1234</arg>
<kw name="Input Password" library="SeleniumLibrary">
<arg>password</arg>
<arg>${password}</arg>
<doc>Types the given password into the text field identified by ``locator``.</doc>
<msg timestamp="20241117 14:55:34.498" level="INFO">Typing password into text field 'password'.</msg>
<msg timestamp="20241117 14:55:35.590" level="INFO">Temporally setting log level to: NONE</msg>
<msg timestamp="20241117 14:55:36.156" level="INFO">Log level changed from NONE to INFO.</msg>
<status status="PASS" starttime="20241117 14:55:34.496" endtime="20241117 14:55:36.156"/>
</kw>
<status status="PASS" starttime="20241117 14:55:34.494" endtime="20241117 14:55:36.157"/>
</kw>
<kw name="Submit Login Credentials">
<kw name="Click Button" library="SeleniumLibrary">
<arg>Login</arg>
<doc>Clicks the button identified by ``locator``.</doc>
<msg timestamp="20241117 14:55:36.161" level="INFO">Clicking button 'Login'.</msg>
<status status="PASS" starttime="20241117 14:55:36.159" endtime="20241117 14:55:38.444"/>
</kw>
<status status="PASS" starttime="20241117 14:55:36.158" endtime="20241117 14:55:38.444"/>
</kw>
<kw name="Login Should Fail With Message">
<arg>Invalid username or password</arg>
<kw name="Login Page Should Be Open" library="resource">
<kw name="Title Should Be" library="SeleniumLibrary">
<arg>Login</arg>
<doc>Verifies that the current page title equals ``title``.</doc>
<msg timestamp="20241117 14:55:38.957" level="INFO">Page title is 'Login'.</msg>
<status status="PASS" starttime="20241117 14:55:38.448" endtime="20241117 14:55:38.957"/>
</kw>
<status status="PASS" starttime="20241117 14:55:38.447" endtime="20241117 14:55:38.958"/>
</kw>
<kw name="Page Should Contain" library="SeleniumLibrary">
<arg>${message}</arg>
<doc>Verifies that current page contains ``text``.</doc>
<msg timestamp="20241117 14:55:40.016" level="INFO">Current page contains text 'Invalid username or password'.</msg>
<status status="PASS" starttime="20241117 14:55:38.958" endtime="20241117 14:55:40.016"/>
</kw>
<status status="PASS" starttime="20241117 14:55:38.445" endtime="20241117 14:55:40.017"/>
</kw>
<status status="PASS" starttime="20241117 14:55:13.773" endtime="20241117 14:55:40.017"/>
</test>
<kw name="Close Browser" library="SeleniumLibrary" type="TEARDOWN">
<doc>Closes the current browser.</doc>
<status status="PASS" starttime="20241117 14:55:40.020" endtime="20241117 14:55:40.581"/>
</kw>
<status status="PASS" starttime="20241117 14:54:02.163" endtime="20241117 14:55:40.582"/>
</suite>
<statistics>
<total>
<stat pass="8" fail="0" skip="0">All Tests</stat>
</total>
<tag>
</tag>
<suite>
<stat pass="8" fail="0" skip="0" id="s1" name="Register">Register</stat>
</suite>
</statistics>
<errors>
</errors>
</robot>
